<?xml version="1.0" encoding="UTF-8"?>
<!-- Generated by org.testng.reporters.JUnitReportReporter -->
<testsuite hostname="RD0100454" name="Lists.PrintTableCellValue" tests="1" failures="0" timestamp="10 Jul 2016 10:04:58 GMT" time="21.353" errors="0">
  <testcase name="PrintTableCell" time="21.353" classname="Lists.PrintTableCellValue"/>
</testsuite> <!-- Lists.PrintTableCellValue -->
