<?xml version="1.0" encoding="UTF-8"?>
<!-- Generated by org.testng.reporters.JUnitReportReporter -->
<testsuite hostname="RD0100454" name="Lists.SeleniumList" tests="1" failures="0" timestamp="11 Jul 2016 03:33:49 GMT" time="162.810" errors="0">
  <testcase name="LoopWebTable" time="162.810" classname="Lists.SeleniumList"/>
</testsuite> <!-- Lists.SeleniumList -->
