<?xml version="1.0" encoding="UTF-8"?>
<!-- Generated by org.testng.reporters.JUnitReportReporter -->
<testsuite hostname="RD0100454" name="SeleniumWebDriverlistner.EventListnerDemo" tests="1" failures="0" timestamp="8 Jul 2016 03:04:50 GMT" time="17.625" errors="0">
  <testcase name="TestEventListner" time="17.625" classname="SeleniumWebDriverlistner.EventListnerDemo"/>
</testsuite> <!-- SeleniumWebDriverlistner.EventListnerDemo -->
